{"/Users/vivekchauhan/Downloads/bedtime-story-generator/__tests__/utils/authTestUtils.ts": {"path":"/Users/vivekchauhan/Downloads/bedtime-story-generator/__tests__/utils/authTestUtils.ts","all":false,"statementMap":{"0":{"start":{"line":1,"column":0},"end":{"line":1,"column":36}},"1":{"start":{"line":2,"column":0},"end":{"line":2,"column":0}},"2":{"start":{"line":3,"column":0},"end":{"line":3,"column":51}},"3":{"start":{"line":4,"column":0},"end":{"line":4,"column":27}},"4":{"start":{"line":5,"column":0},"end":{"line":5,"column":17}},"5":{"start":{"line":6,"column":0},"end":{"line":6,"column":12}},"6":{"start":{"line":7,"column":0},"end":{"line":7,"column":31}},"7":{"start":{"line":8,"column":0},"end":{"line":8,"column":0}},"8":{"start":{"line":9,"column":0},"end":{"line":9,"column":61}},"9":{"start":{"line":10,"column":0},"end":{"line":10,"column":25}},"10":{"start":{"line":11,"column":0},"end":{"line":11,"column":21}},"11":{"start":{"line":12,"column":0},"end":{"line":12,"column":27}},"12":{"start":{"line":13,"column":0},"end":{"line":13,"column":3}},"13":{"start":{"line":14,"column":0},"end":{"line":14,"column":0}},"14":{"start":{"line":15,"column":0},"end":{"line":15,"column":10}},"15":{"start":{"line":16,"column":0},"end":{"line":16,"column":38}},"16":{"start":{"line":17,"column":0},"end":{"line":17,"column":3}},"17":{"start":{"line":18,"column":0},"end":{"line":18,"column":0}},"18":{"start":{"line":19,"column":0},"end":{"line":19,"column":10}},"19":{"start":{"line":20,"column":0},"end":{"line":20,"column":54}},"20":{"start":{"line":21,"column":0},"end":{"line":21,"column":3}},"21":{"start":{"line":22,"column":0},"end":{"line":22,"column":1}},"22":{"start":{"line":23,"column":0},"end":{"line":23,"column":0}},"23":{"start":{"line":24,"column":0},"end":{"line":24,"column":24}},"24":{"start":{"line":25,"column":0},"end":{"line":25,"column":52}},"25":{"start":{"line":26,"column":0},"end":{"line":26,"column":21}},"26":{"start":{"line":27,"column":0},"end":{"line":27,"column":28}},"27":{"start":{"line":28,"column":0},"end":{"line":28,"column":20}},"28":{"start":{"line":29,"column":0},"end":{"line":29,"column":42}},"29":{"start":{"line":30,"column":0},"end":{"line":30,"column":14}},"30":{"start":{"line":31,"column":0},"end":{"line":31,"column":3}},"31":{"start":{"line":32,"column":0},"end":{"line":32,"column":0}},"32":{"start":{"line":33,"column":0},"end":{"line":33,"column":27}},"33":{"start":{"line":34,"column":0},"end":{"line":34,"column":91}},"34":{"start":{"line":35,"column":0},"end":{"line":35,"column":38}},"35":{"start":{"line":36,"column":0},"end":{"line":36,"column":89}},"36":{"start":{"line":37,"column":0},"end":{"line":37,"column":21}},"37":{"start":{"line":38,"column":0},"end":{"line":38,"column":3}},"38":{"start":{"line":39,"column":0},"end":{"line":39,"column":0}},"39":{"start":{"line":40,"column":0},"end":{"line":40,"column":30}},"40":{"start":{"line":41,"column":0},"end":{"line":41,"column":94}},"41":{"start":{"line":42,"column":0},"end":{"line":42,"column":56}},"42":{"start":{"line":43,"column":0},"end":{"line":43,"column":76}},"43":{"start":{"line":44,"column":0},"end":{"line":44,"column":3}},"44":{"start":{"line":45,"column":0},"end":{"line":45,"column":0}},"45":{"start":{"line":46,"column":0},"end":{"line":46,"column":50}},"46":{"start":{"line":47,"column":0},"end":{"line":47,"column":32}},"47":{"start":{"line":48,"column":0},"end":{"line":48,"column":51}},"48":{"start":{"line":49,"column":0},"end":{"line":49,"column":45}},"49":{"start":{"line":50,"column":0},"end":{"line":50,"column":39}},"50":{"start":{"line":51,"column":0},"end":{"line":51,"column":0}},"51":{"start":{"line":52,"column":0},"end":{"line":52,"column":84}},"52":{"start":{"line":53,"column":0},"end":{"line":53,"column":35}},"53":{"start":{"line":54,"column":0},"end":{"line":54,"column":35}},"54":{"start":{"line":55,"column":0},"end":{"line":55,"column":3}},"55":{"start":{"line":56,"column":0},"end":{"line":56,"column":0}},"56":{"start":{"line":57,"column":0},"end":{"line":57,"column":41}},"57":{"start":{"line":58,"column":0},"end":{"line":58,"column":25}},"58":{"start":{"line":59,"column":0},"end":{"line":59,"column":3}},"59":{"start":{"line":60,"column":0},"end":{"line":60,"column":0}},"60":{"start":{"line":61,"column":0},"end":{"line":61,"column":35}},"61":{"start":{"line":62,"column":0},"end":{"line":62,"column":36}},"62":{"start":{"line":63,"column":0},"end":{"line":63,"column":3}},"63":{"start":{"line":64,"column":0},"end":{"line":64,"column":0}},"64":{"start":{"line":65,"column":0},"end":{"line":65,"column":92}},"65":{"start":{"line":66,"column":0},"end":{"line":66,"column":47}},"66":{"start":{"line":67,"column":0},"end":{"line":67,"column":82}},"67":{"start":{"line":68,"column":0},"end":{"line":68,"column":3}},"68":{"start":{"line":69,"column":0},"end":{"line":69,"column":0}},"69":{"start":{"line":70,"column":0},"end":{"line":70,"column":55}},"70":{"start":{"line":71,"column":0},"end":{"line":71,"column":9}},"71":{"start":{"line":72,"column":0},"end":{"line":72,"column":46}},"72":{"start":{"line":73,"column":0},"end":{"line":73,"column":44}},"73":{"start":{"line":74,"column":0},"end":{"line":74,"column":64}},"74":{"start":{"line":75,"column":0},"end":{"line":75,"column":56}},"75":{"start":{"line":76,"column":0},"end":{"line":76,"column":0}},"76":{"start":{"line":77,"column":0},"end":{"line":77,"column":34}},"77":{"start":{"line":78,"column":0},"end":{"line":78,"column":61}},"78":{"start":{"line":79,"column":0},"end":{"line":79,"column":27}},"79":{"start":{"line":80,"column":0},"end":{"line":80,"column":30}},"80":{"start":{"line":81,"column":0},"end":{"line":81,"column":7}},"81":{"start":{"line":82,"column":0},"end":{"line":82,"column":0}},"82":{"start":{"line":83,"column":0},"end":{"line":83,"column":32}},"83":{"start":{"line":84,"column":0},"end":{"line":84,"column":64}},"84":{"start":{"line":85,"column":0},"end":{"line":85,"column":69}},"85":{"start":{"line":86,"column":0},"end":{"line":86,"column":7}},"86":{"start":{"line":87,"column":0},"end":{"line":87,"column":0}},"87":{"start":{"line":88,"column":0},"end":{"line":88,"column":51}},"88":{"start":{"line":89,"column":0},"end":{"line":89,"column":67}},"89":{"start":{"line":90,"column":0},"end":{"line":90,"column":0}},"90":{"start":{"line":91,"column":0},"end":{"line":91,"column":71}},"91":{"start":{"line":92,"column":0},"end":{"line":92,"column":25}},"92":{"start":{"line":93,"column":0},"end":{"line":93,"column":27}},"93":{"start":{"line":94,"column":0},"end":{"line":94,"column":7}},"94":{"start":{"line":95,"column":0},"end":{"line":95,"column":6}},"95":{"start":{"line":96,"column":0},"end":{"line":96,"column":43}},"96":{"start":{"line":97,"column":0},"end":{"line":97,"column":23}},"97":{"start":{"line":98,"column":0},"end":{"line":98,"column":66}},"98":{"start":{"line":99,"column":0},"end":{"line":99,"column":9}},"99":{"start":{"line":100,"column":0},"end":{"line":100,"column":72}},"100":{"start":{"line":101,"column":0},"end":{"line":101,"column":69}},"101":{"start":{"line":102,"column":0},"end":{"line":102,"column":9}},"102":{"start":{"line":103,"column":0},"end":{"line":103,"column":56}},"103":{"start":{"line":104,"column":0},"end":{"line":104,"column":7}},"104":{"start":{"line":105,"column":0},"end":{"line":105,"column":6}},"105":{"start":{"line":106,"column":0},"end":{"line":106,"column":45}},"106":{"start":{"line":107,"column":0},"end":{"line":107,"column":56}},"107":{"start":{"line":108,"column":0},"end":{"line":108,"column":7}},"108":{"start":{"line":109,"column":0},"end":{"line":109,"column":6}},"109":{"start":{"line":110,"column":0},"end":{"line":110,"column":42}},"110":{"start":{"line":111,"column":0},"end":{"line":111,"column":49}},"111":{"start":{"line":112,"column":0},"end":{"line":112,"column":46}},"112":{"start":{"line":113,"column":0},"end":{"line":113,"column":23}},"113":{"start":{"line":114,"column":0},"end":{"line":114,"column":66}},"114":{"start":{"line":115,"column":0},"end":{"line":115,"column":9}},"115":{"start":{"line":116,"column":0},"end":{"line":116,"column":56}},"116":{"start":{"line":117,"column":0},"end":{"line":117,"column":7}},"117":{"start":{"line":118,"column":0},"end":{"line":118,"column":6}},"118":{"start":{"line":119,"column":0},"end":{"line":119,"column":46}},"119":{"start":{"line":120,"column":0},"end":{"line":120,"column":23}},"120":{"start":{"line":121,"column":0},"end":{"line":121,"column":66}},"121":{"start":{"line":122,"column":0},"end":{"line":122,"column":9}},"122":{"start":{"line":123,"column":0},"end":{"line":123,"column":82}},"123":{"start":{"line":124,"column":0},"end":{"line":124,"column":7}},"124":{"start":{"line":125,"column":0},"end":{"line":125,"column":6}},"125":{"start":{"line":126,"column":0},"end":{"line":126,"column":54}},"126":{"start":{"line":127,"column":0},"end":{"line":127,"column":21}},"127":{"start":{"line":128,"column":0},"end":{"line":128,"column":57}},"128":{"start":{"line":129,"column":0},"end":{"line":129,"column":30}},"129":{"start":{"line":130,"column":0},"end":{"line":130,"column":110}},"130":{"start":{"line":131,"column":0},"end":{"line":131,"column":11}},"131":{"start":{"line":132,"column":0},"end":{"line":132,"column":8}},"132":{"start":{"line":133,"column":0},"end":{"line":133,"column":5}},"133":{"start":{"line":134,"column":0},"end":{"line":134,"column":3}},"134":{"start":{"line":135,"column":0},"end":{"line":135,"column":1}},"135":{"start":{"line":136,"column":0},"end":{"line":136,"column":0}},"136":{"start":{"line":137,"column":0},"end":{"line":137,"column":22}},"137":{"start":{"line":138,"column":0},"end":{"line":138,"column":41}},"138":{"start":{"line":139,"column":0},"end":{"line":139,"column":9}},"139":{"start":{"line":140,"column":0},"end":{"line":140,"column":26}},"140":{"start":{"line":141,"column":0},"end":{"line":141,"column":25}},"141":{"start":{"line":142,"column":0},"end":{"line":142,"column":22}},"142":{"start":{"line":143,"column":0},"end":{"line":143,"column":21}},"143":{"start":{"line":144,"column":0},"end":{"line":144,"column":4}},"144":{"start":{"line":145,"column":0},"end":{"line":145,"column":12}},"145":{"start":{"line":146,"column":0},"end":{"line":146,"column":25}},"146":{"start":{"line":147,"column":0},"end":{"line":147,"column":22}},"147":{"start":{"line":148,"column":0},"end":{"line":148,"column":22}},"148":{"start":{"line":149,"column":0},"end":{"line":149,"column":21}},"149":{"start":{"line":150,"column":0},"end":{"line":150,"column":3}},"150":{"start":{"line":151,"column":0},"end":{"line":151,"column":3}},"151":{"start":{"line":152,"column":0},"end":{"line":152,"column":0}},"152":{"start":{"line":153,"column":0},"end":{"line":153,"column":20}},"153":{"start":{"line":154,"column":0},"end":{"line":154,"column":32}},"154":{"start":{"line":155,"column":0},"end":{"line":155,"column":12}},"155":{"start":{"line":156,"column":0},"end":{"line":156,"column":26}},"156":{"start":{"line":157,"column":0},"end":{"line":157,"column":23}},"157":{"start":{"line":158,"column":0},"end":{"line":158,"column":30}},"158":{"start":{"line":159,"column":0},"end":{"line":159,"column":32}},"159":{"start":{"line":160,"column":0},"end":{"line":160,"column":26}},"160":{"start":{"line":161,"column":0},"end":{"line":161,"column":26}},"161":{"start":{"line":162,"column":0},"end":{"line":162,"column":27}},"162":{"start":{"line":163,"column":0},"end":{"line":163,"column":29}},"163":{"start":{"line":164,"column":0},"end":{"line":164,"column":29}},"164":{"start":{"line":165,"column":0},"end":{"line":165,"column":33}},"165":{"start":{"line":166,"column":0},"end":{"line":166,"column":29}},"166":{"start":{"line":167,"column":0},"end":{"line":167,"column":29}},"167":{"start":{"line":168,"column":0},"end":{"line":168,"column":39}},"168":{"start":{"line":169,"column":0},"end":{"line":169,"column":36}},"169":{"start":{"line":170,"column":0},"end":{"line":170,"column":4}},"170":{"start":{"line":171,"column":0},"end":{"line":171,"column":14}},"171":{"start":{"line":172,"column":0},"end":{"line":172,"column":5}},"172":{"start":{"line":173,"column":0},"end":{"line":173,"column":19}},"173":{"start":{"line":174,"column":0},"end":{"line":174,"column":21}},"174":{"start":{"line":175,"column":0},"end":{"line":175,"column":20}},"175":{"start":{"line":176,"column":0},"end":{"line":176,"column":102}},"176":{"start":{"line":177,"column":0},"end":{"line":177,"column":51}},"177":{"start":{"line":178,"column":0},"end":{"line":178,"column":64}},"178":{"start":{"line":179,"column":0},"end":{"line":179,"column":35}},"179":{"start":{"line":180,"column":0},"end":{"line":180,"column":24}},"180":{"start":{"line":181,"column":0},"end":{"line":181,"column":27}},"181":{"start":{"line":182,"column":0},"end":{"line":182,"column":29}},"182":{"start":{"line":183,"column":0},"end":{"line":183,"column":30}},"183":{"start":{"line":184,"column":0},"end":{"line":184,"column":8}},"184":{"start":{"line":185,"column":0},"end":{"line":185,"column":5}},"185":{"start":{"line":186,"column":0},"end":{"line":186,"column":4}},"186":{"start":{"line":187,"column":0},"end":{"line":187,"column":31}},"187":{"start":{"line":188,"column":0},"end":{"line":188,"column":23}},"188":{"start":{"line":189,"column":0},"end":{"line":189,"column":2}}},"s":{"0":1,"1":1,"2":1,"3":1,"4":1,"5":1,"6":1,"7":1,"8":1,"9":35,"10":35,"11":35,"12":35,"13":1,"14":1,"15":17,"16":17,"17":1,"18":1,"19":0,"20":0,"21":1,"22":1,"23":1,"24":1,"25":3,"26":3,"27":3,"28":3,"29":3,"30":1,"31":1,"32":1,"33":1,"34":3,"35":3,"36":3,"37":1,"38":1,"39":1,"40":1,"41":2,"42":2,"43":2,"44":1,"45":1,"46":1,"47":1,"48":1,"49":1,"50":1,"51":1,"52":1,"53":1,"54":1,"55":1,"56":1,"57":3,"58":3,"59":1,"60":1,"61":1,"62":1,"63":1,"64":1,"65":0,"66":0,"67":0,"68":1,"69":1,"70":35,"71":35,"72":35,"73":35,"74":35,"75":35,"76":35,"77":35,"78":35,"79":0,"80":0,"81":35,"82":35,"83":35,"84":16,"85":16,"86":19,"87":19,"88":19,"89":19,"90":19,"91":35,"92":1,"93":1,"94":18,"95":35,"96":5,"97":2,"98":2,"99":5,"100":2,"101":2,"102":1,"103":1,"104":13,"105":35,"106":6,"107":6,"108":7,"109":7,"110":35,"111":35,"112":3,"113":3,"114":3,"115":0,"116":0,"117":4,"118":35,"119":1,"120":0,"121":0,"122":1,"123":1,"124":3,"125":3,"126":35,"127":1,"128":1,"129":1,"130":1,"131":1,"132":1,"133":35,"134":1,"135":1,"136":1,"137":1,"138":1,"139":1,"140":1,"141":1,"142":1,"143":1,"144":1,"145":1,"146":1,"147":1,"148":1,"149":1,"150":1,"151":1,"152":1,"153":1,"154":1,"155":1,"156":1,"157":1,"158":1,"159":1,"160":1,"161":1,"162":1,"163":1,"164":1,"165":1,"166":1,"167":1,"168":1,"169":1,"170":1,"171":1,"172":1,"173":1,"174":1,"175":1,"176":1,"177":1,"178":1,"179":0,"180":0,"181":0,"182":0,"183":0,"184":1,"185":1,"186":1,"187":1,"188":1},"branchMap":{"0":{"type":"branch","line":9,"loc":{"start":{"line":9,"column":2},"end":{"line":13,"column":3}},"locations":[{"start":{"line":9,"column":2},"end":{"line":13,"column":3}}]},"1":{"type":"branch","line":15,"loc":{"start":{"line":15,"column":2},"end":{"line":17,"column":3}},"locations":[{"start":{"line":15,"column":2},"end":{"line":17,"column":3}}]},"2":{"type":"branch","line":25,"loc":{"start":{"line":25,"column":30},"end":{"line":30,"column":14}},"locations":[{"start":{"line":25,"column":30},"end":{"line":30,"column":14}}]},"3":{"type":"branch","line":34,"loc":{"start":{"line":34,"column":33},"end":{"line":37,"column":21}},"locations":[{"start":{"line":34,"column":33},"end":{"line":37,"column":21}}]},"4":{"type":"branch","line":41,"loc":{"start":{"line":41,"column":36},"end":{"line":44,"column":3}},"locations":[{"start":{"line":41,"column":36},"end":{"line":44,"column":3}}]},"5":{"type":"branch","line":52,"loc":{"start":{"line":52,"column":2},"end":{"line":55,"column":3}},"locations":[{"start":{"line":52,"column":2},"end":{"line":55,"column":3}}]},"6":{"type":"branch","line":57,"loc":{"start":{"line":57,"column":2},"end":{"line":59,"column":3}},"locations":[{"start":{"line":57,"column":2},"end":{"line":59,"column":3}}]},"7":{"type":"branch","line":61,"loc":{"start":{"line":61,"column":2},"end":{"line":63,"column":3}},"locations":[{"start":{"line":61,"column":2},"end":{"line":63,"column":3}}]},"8":{"type":"branch","line":70,"loc":{"start":{"line":70,"column":8},"end":{"line":134,"column":3}},"locations":[{"start":{"line":70,"column":8},"end":{"line":134,"column":3}}]},"9":{"type":"branch","line":74,"loc":{"start":{"line":74,"column":58},"end":{"line":74,"column":63}},"locations":[{"start":{"line":74,"column":58},"end":{"line":74,"column":63}}]},"10":{"type":"branch","line":79,"loc":{"start":{"line":79,"column":26},"end":{"line":81,"column":7}},"locations":[{"start":{"line":79,"column":26},"end":{"line":81,"column":7}}]},"11":{"type":"branch","line":84,"loc":{"start":{"line":84,"column":40},"end":{"line":84,"column":61}},"locations":[{"start":{"line":84,"column":40},"end":{"line":84,"column":61}}]},"12":{"type":"branch","line":84,"loc":{"start":{"line":84,"column":63},"end":{"line":86,"column":7}},"locations":[{"start":{"line":84,"column":63},"end":{"line":86,"column":7}}]},"13":{"type":"branch","line":87,"loc":{"start":{"line":87,"column":-1},"end":{"line":92,"column":24}},"locations":[{"start":{"line":87,"column":-1},"end":{"line":92,"column":24}}]},"14":{"type":"branch","line":92,"loc":{"start":{"line":92,"column":24},"end":{"line":94,"column":7}},"locations":[{"start":{"line":92,"column":24},"end":{"line":94,"column":7}}]},"15":{"type":"branch","line":95,"loc":{"start":{"line":95,"column":-1},"end":{"line":96,"column":42}},"locations":[{"start":{"line":95,"column":-1},"end":{"line":96,"column":42}}]},"16":{"type":"branch","line":96,"loc":{"start":{"line":96,"column":42},"end":{"line":104,"column":7}},"locations":[{"start":{"line":96,"column":42},"end":{"line":104,"column":7}}]},"17":{"type":"branch","line":97,"loc":{"start":{"line":97,"column":22},"end":{"line":99,"column":9}},"locations":[{"start":{"line":97,"column":22},"end":{"line":99,"column":9}}]},"18":{"type":"branch","line":100,"loc":{"start":{"line":100,"column":-1},"end":{"line":100,"column":69}},"locations":[{"start":{"line":100,"column":-1},"end":{"line":100,"column":69}}]},"19":{"type":"branch","line":100,"loc":{"start":{"line":100,"column":71},"end":{"line":102,"column":9}},"locations":[{"start":{"line":100,"column":71},"end":{"line":102,"column":9}}]},"20":{"type":"branch","line":103,"loc":{"start":{"line":103,"column":-1},"end":{"line":104,"column":7}},"locations":[{"start":{"line":103,"column":-1},"end":{"line":104,"column":7}}]},"21":{"type":"branch","line":105,"loc":{"start":{"line":105,"column":-1},"end":{"line":106,"column":44}},"locations":[{"start":{"line":105,"column":-1},"end":{"line":106,"column":44}}]},"22":{"type":"branch","line":106,"loc":{"start":{"line":106,"column":44},"end":{"line":108,"column":7}},"locations":[{"start":{"line":106,"column":44},"end":{"line":108,"column":7}}]},"23":{"type":"branch","line":109,"loc":{"start":{"line":109,"column":-1},"end":{"line":110,"column":42}},"locations":[{"start":{"line":109,"column":-1},"end":{"line":110,"column":42}}]},"24":{"type":"branch","line":110,"loc":{"start":{"line":110,"column":38},"end":{"line":111,"column":45}},"locations":[{"start":{"line":110,"column":38},"end":{"line":111,"column":45}}]},"25":{"type":"branch","line":111,"loc":{"start":{"line":111,"column":45},"end":{"line":112,"column":43}},"locations":[{"start":{"line":111,"column":45},"end":{"line":112,"column":43}}]},"26":{"type":"branch","line":112,"loc":{"start":{"line":112,"column":45},"end":{"line":117,"column":7}},"locations":[{"start":{"line":112,"column":45},"end":{"line":117,"column":7}}]},"27":{"type":"branch","line":116,"loc":{"start":{"line":116,"column":-1},"end":{"line":117,"column":7}},"locations":[{"start":{"line":116,"column":-1},"end":{"line":117,"column":7}}]},"28":{"type":"branch","line":118,"loc":{"start":{"line":118,"column":-1},"end":{"line":119,"column":45}},"locations":[{"start":{"line":118,"column":-1},"end":{"line":119,"column":45}}]},"29":{"type":"branch","line":119,"loc":{"start":{"line":119,"column":45},"end":{"line":124,"column":7}},"locations":[{"start":{"line":119,"column":45},"end":{"line":124,"column":7}}]},"30":{"type":"branch","line":120,"loc":{"start":{"line":120,"column":22},"end":{"line":122,"column":9}},"locations":[{"start":{"line":120,"column":22},"end":{"line":122,"column":9}}]},"31":{"type":"branch","line":125,"loc":{"start":{"line":125,"column":-1},"end":{"line":127,"column":13}},"locations":[{"start":{"line":125,"column":-1},"end":{"line":127,"column":13}}]},"32":{"type":"branch","line":127,"loc":{"start":{"line":127,"column":6},"end":{"line":133,"column":5}},"locations":[{"start":{"line":127,"column":6},"end":{"line":133,"column":5}}]},"33":{"type":"branch","line":130,"loc":{"start":{"line":130,"column":90},"end":{"line":130,"column":107}},"locations":[{"start":{"line":130,"column":90},"end":{"line":130,"column":107}}]},"34":{"type":"branch","line":138,"loc":{"start":{"line":138,"column":33},"end":{"line":151,"column":2}},"locations":[{"start":{"line":138,"column":33},"end":{"line":151,"column":2}}]}},"b":{"0":[35],"1":[17],"2":[3],"3":[3],"4":[2],"5":[1],"6":[3],"7":[1],"8":[35],"9":[10],"10":[0],"11":[22],"12":[16],"13":[19],"14":[1],"15":[18],"16":[5],"17":[2],"18":[3],"19":[2],"20":[1],"21":[13],"22":[6],"23":[7],"24":[5],"25":[5],"26":[3],"27":[0],"28":[4],"29":[1],"30":[0],"31":[3],"32":[1],"33":[0],"34":[1]},"fnMap":{"0":{"name":"MockResponse","decl":{"start":{"line":9,"column":2},"end":{"line":13,"column":3}},"loc":{"start":{"line":9,"column":2},"end":{"line":13,"column":3}},"line":9},"1":{"name":"json","decl":{"start":{"line":15,"column":2},"end":{"line":17,"column":3}},"loc":{"start":{"line":15,"column":2},"end":{"line":17,"column":3}},"line":15},"2":{"name":"text","decl":{"start":{"line":19,"column":2},"end":{"line":21,"column":3}},"loc":{"start":{"line":19,"column":2},"end":{"line":21,"column":3}},"line":19},"3":{"name":"createMockUser","decl":{"start":{"line":25,"column":30},"end":{"line":30,"column":14}},"loc":{"start":{"line":25,"column":30},"end":{"line":30,"column":14}},"line":25},"4":{"name":"createMockSession","decl":{"start":{"line":34,"column":33},"end":{"line":37,"column":21}},"loc":{"start":{"line":34,"column":33},"end":{"line":37,"column":21}},"line":34},"5":{"name":"createExpiredSession","decl":{"start":{"line":41,"column":36},"end":{"line":44,"column":3}},"loc":{"start":{"line":41,"column":36},"end":{"line":44,"column":3}},"line":41},"6":{"name":"ApiRequestHandler","decl":{"start":{"line":52,"column":2},"end":{"line":55,"column":3}},"loc":{"start":{"line":52,"column":2},"end":{"line":55,"column":3}},"line":52},"7":{"name":"setDatabaseError","decl":{"start":{"line":57,"column":2},"end":{"line":59,"column":3}},"loc":{"start":{"line":57,"column":2},"end":{"line":59,"column":3}},"line":57},"8":{"name":"resetRequestCount","decl":{"start":{"line":61,"column":2},"end":{"line":63,"column":3}},"loc":{"start":{"line":61,"column":2},"end":{"line":63,"column":3}},"line":61},"9":{"name":"mockResponse","decl":{"start":{"line":65,"column":8},"end":{"line":68,"column":3}},"loc":{"start":{"line":65,"column":8},"end":{"line":68,"column":3}},"line":65},"10":{"name":"mockFetch","decl":{"start":{"line":70,"column":8},"end":{"line":134,"column":3}},"loc":{"start":{"line":70,"column":8},"end":{"line":134,"column":3}},"line":70},"11":{"name":"createPrismaMocks","decl":{"start":{"line":138,"column":33},"end":{"line":151,"column":2}},"loc":{"start":{"line":138,"column":33},"end":{"line":151,"column":2}},"line":138},"12":{"name":"profile","decl":{"start":{"line":179,"column":15},"end":{"line":184,"column":8}},"loc":{"start":{"line":179,"column":15},"end":{"line":184,"column":8}},"line":179}},"f":{"0":35,"1":17,"2":0,"3":3,"4":3,"5":2,"6":1,"7":3,"8":1,"9":0,"10":35,"11":1,"12":0}}
,"/Users/vivekchauhan/Downloads/bedtime-story-generator/__tests__/utils/testUtils.ts": {"path":"/Users/vivekchauhan/Downloads/bedtime-story-generator/__tests__/utils/testUtils.ts","all":false,"statementMap":{"0":{"start":{"line":1,"column":0},"end":{"line":1,"column":46}},"1":{"start":{"line":2,"column":0},"end":{"line":2,"column":36}},"2":{"start":{"line":3,"column":0},"end":{"line":3,"column":0}},"3":{"start":{"line":4,"column":0},"end":{"line":4,"column":41}},"4":{"start":{"line":5,"column":0},"end":{"line":5,"column":34}},"5":{"start":{"line":6,"column":0},"end":{"line":6,"column":0}},"6":{"start":{"line":7,"column":0},"end":{"line":7,"column":3}},"7":{"start":{"line":8,"column":0},"end":{"line":8,"column":41}},"8":{"start":{"line":9,"column":0},"end":{"line":9,"column":3}},"9":{"start":{"line":10,"column":0},"end":{"line":10,"column":40}},"10":{"start":{"line":11,"column":0},"end":{"line":11,"column":7}},"11":{"start":{"line":12,"column":0},"end":{"line":12,"column":64}},"12":{"start":{"line":13,"column":0},"end":{"line":13,"column":36}},"13":{"start":{"line":14,"column":0},"end":{"line":14,"column":38}},"14":{"start":{"line":15,"column":0},"end":{"line":15,"column":35}},"15":{"start":{"line":16,"column":0},"end":{"line":16,"column":19}},"16":{"start":{"line":17,"column":0},"end":{"line":17,"column":51}},"17":{"start":{"line":18,"column":0},"end":{"line":18,"column":16}},"18":{"start":{"line":19,"column":0},"end":{"line":19,"column":3}},"19":{"start":{"line":20,"column":0},"end":{"line":20,"column":1}},"20":{"start":{"line":21,"column":0},"end":{"line":21,"column":0}},"21":{"start":{"line":22,"column":0},"end":{"line":22,"column":3}},"22":{"start":{"line":23,"column":0},"end":{"line":23,"column":48}},"23":{"start":{"line":24,"column":0},"end":{"line":24,"column":3}},"24":{"start":{"line":25,"column":0},"end":{"line":25,"column":55}},"25":{"start":{"line":26,"column":0},"end":{"line":26,"column":31}},"26":{"start":{"line":27,"column":0},"end":{"line":27,"column":23}},"27":{"start":{"line":28,"column":0},"end":{"line":28,"column":43}},"28":{"start":{"line":29,"column":0},"end":{"line":29,"column":22}},"29":{"start":{"line":30,"column":0},"end":{"line":30,"column":16}},"30":{"start":{"line":31,"column":0},"end":{"line":31,"column":4}},"31":{"start":{"line":32,"column":0},"end":{"line":32,"column":0}},"32":{"start":{"line":33,"column":0},"end":{"line":33,"column":35}},"33":{"start":{"line":34,"column":0},"end":{"line":34,"column":11}},"34":{"start":{"line":35,"column":0},"end":{"line":35,"column":21}},"35":{"start":{"line":36,"column":0},"end":{"line":36,"column":19}},"36":{"start":{"line":37,"column":0},"end":{"line":37,"column":5}},"37":{"start":{"line":38,"column":0},"end":{"line":38,"column":5}},"38":{"start":{"line":39,"column":0},"end":{"line":39,"column":1}},"39":{"start":{"line":40,"column":0},"end":{"line":40,"column":0}},"40":{"start":{"line":41,"column":0},"end":{"line":41,"column":3}},"41":{"start":{"line":42,"column":0},"end":{"line":42,"column":49}},"42":{"start":{"line":43,"column":0},"end":{"line":43,"column":3}},"43":{"start":{"line":44,"column":0},"end":{"line":44,"column":78}},"44":{"start":{"line":45,"column":0},"end":{"line":45,"column":7}},"45":{"start":{"line":46,"column":0},"end":{"line":46,"column":13}},"46":{"start":{"line":47,"column":0},"end":{"line":47,"column":4}},"47":{"start":{"line":48,"column":0},"end":{"line":48,"column":52}},"48":{"start":{"line":49,"column":0},"end":{"line":49,"column":18}},"49":{"start":{"line":50,"column":0},"end":{"line":50,"column":36}},"50":{"start":{"line":51,"column":0},"end":{"line":51,"column":12}},"51":{"start":{"line":52,"column":0},"end":{"line":52,"column":35}},"52":{"start":{"line":53,"column":0},"end":{"line":53,"column":43}},"53":{"start":{"line":54,"column":0},"end":{"line":54,"column":16}},"54":{"start":{"line":55,"column":0},"end":{"line":55,"column":20}},"55":{"start":{"line":56,"column":0},"end":{"line":56,"column":9}},"56":{"start":{"line":57,"column":0},"end":{"line":57,"column":9}},"57":{"start":{"line":58,"column":0},"end":{"line":58,"column":6}},"58":{"start":{"line":59,"column":0},"end":{"line":59,"column":18}},"59":{"start":{"line":60,"column":0},"end":{"line":60,"column":42}},"60":{"start":{"line":61,"column":0},"end":{"line":61,"column":7}},"61":{"start":{"line":62,"column":0},"end":{"line":62,"column":5}},"62":{"start":{"line":63,"column":0},"end":{"line":63,"column":4}},"63":{"start":{"line":64,"column":0},"end":{"line":64,"column":63}},"64":{"start":{"line":65,"column":0},"end":{"line":65,"column":65}},"65":{"start":{"line":66,"column":0},"end":{"line":66,"column":68}},"66":{"start":{"line":67,"column":0},"end":{"line":67,"column":4}},"67":{"start":{"line":68,"column":0},"end":{"line":68,"column":25}},"68":{"start":{"line":69,"column":0},"end":{"line":69,"column":25}},"69":{"start":{"line":70,"column":0},"end":{"line":70,"column":26}},"70":{"start":{"line":71,"column":0},"end":{"line":71,"column":30}},"71":{"start":{"line":72,"column":0},"end":{"line":72,"column":17}},"72":{"start":{"line":73,"column":0},"end":{"line":73,"column":18}},"73":{"start":{"line":74,"column":0},"end":{"line":74,"column":6}},"74":{"start":{"line":75,"column":0},"end":{"line":75,"column":4}},"75":{"start":{"line":76,"column":0},"end":{"line":76,"column":36}},"76":{"start":{"line":77,"column":0},"end":{"line":77,"column":38}},"77":{"start":{"line":78,"column":0},"end":{"line":78,"column":13}},"78":{"start":{"line":79,"column":0},"end":{"line":79,"column":23}},"79":{"start":{"line":80,"column":0},"end":{"line":80,"column":26}},"80":{"start":{"line":81,"column":0},"end":{"line":81,"column":65}},"81":{"start":{"line":82,"column":0},"end":{"line":82,"column":7}},"82":{"start":{"line":83,"column":0},"end":{"line":83,"column":7}},"83":{"start":{"line":84,"column":0},"end":{"line":84,"column":19}},"84":{"start":{"line":85,"column":0},"end":{"line":85,"column":55}},"85":{"start":{"line":86,"column":0},"end":{"line":86,"column":16}},"86":{"start":{"line":87,"column":0},"end":{"line":87,"column":3}},"87":{"start":{"line":88,"column":0},"end":{"line":88,"column":1}},"88":{"start":{"line":89,"column":0},"end":{"line":89,"column":0}},"89":{"start":{"line":90,"column":0},"end":{"line":90,"column":3}},"90":{"start":{"line":91,"column":0},"end":{"line":91,"column":43}},"91":{"start":{"line":92,"column":0},"end":{"line":92,"column":3}},"92":{"start":{"line":93,"column":0},"end":{"line":93,"column":42}},"93":{"start":{"line":94,"column":0},"end":{"line":94,"column":7}},"94":{"start":{"line":95,"column":0},"end":{"line":95,"column":39}},"95":{"start":{"line":96,"column":0},"end":{"line":96,"column":36}},"96":{"start":{"line":97,"column":0},"end":{"line":97,"column":89}},"97":{"start":{"line":98,"column":0},"end":{"line":98,"column":5}},"98":{"start":{"line":99,"column":0},"end":{"line":99,"column":4}},"99":{"start":{"line":100,"column":0},"end":{"line":100,"column":33}},"100":{"start":{"line":101,"column":0},"end":{"line":101,"column":53}},"101":{"start":{"line":102,"column":0},"end":{"line":102,"column":52}},"102":{"start":{"line":103,"column":0},"end":{"line":103,"column":32}},"103":{"start":{"line":104,"column":0},"end":{"line":104,"column":48}},"104":{"start":{"line":105,"column":0},"end":{"line":105,"column":5}},"105":{"start":{"line":106,"column":0},"end":{"line":106,"column":0}},"106":{"start":{"line":107,"column":0},"end":{"line":107,"column":26}},"107":{"start":{"line":108,"column":0},"end":{"line":108,"column":28}},"108":{"start":{"line":109,"column":0},"end":{"line":109,"column":4}},"109":{"start":{"line":110,"column":0},"end":{"line":110,"column":37}},"110":{"start":{"line":111,"column":0},"end":{"line":111,"column":27}},"111":{"start":{"line":112,"column":0},"end":{"line":112,"column":4}},"112":{"start":{"line":113,"column":0},"end":{"line":113,"column":18}},"113":{"start":{"line":114,"column":0},"end":{"line":114,"column":19}},"114":{"start":{"line":115,"column":0},"end":{"line":115,"column":64}},"115":{"start":{"line":116,"column":0},"end":{"line":116,"column":16}},"116":{"start":{"line":117,"column":0},"end":{"line":117,"column":3}},"117":{"start":{"line":118,"column":0},"end":{"line":118,"column":1}},"118":{"start":{"line":119,"column":0},"end":{"line":119,"column":0}},"119":{"start":{"line":120,"column":0},"end":{"line":120,"column":3}},"120":{"start":{"line":121,"column":0},"end":{"line":121,"column":38}},"121":{"start":{"line":122,"column":0},"end":{"line":122,"column":3}},"122":{"start":{"line":123,"column":0},"end":{"line":123,"column":43}},"123":{"start":{"line":124,"column":0},"end":{"line":124,"column":29}},"124":{"start":{"line":125,"column":0},"end":{"line":125,"column":1}}},"s":{"0":1,"1":1,"2":1,"3":1,"4":1,"5":1,"6":1,"7":1,"8":1,"9":23,"10":23,"11":23,"12":23,"13":23,"14":23,"15":23,"16":0,"17":0,"18":0,"19":23,"20":1,"21":1,"22":1,"23":1,"24":7,"25":7,"26":7,"27":7,"28":7,"29":7,"30":7,"31":7,"32":7,"33":7,"34":7,"35":7,"36":7,"37":7,"38":7,"39":1,"40":1,"41":1,"42":1,"43":5,"44":5,"45":5,"46":5,"47":5,"48":5,"49":1,"50":5,"51":4,"52":4,"53":4,"54":4,"55":4,"56":4,"57":4,"58":4,"59":0,"60":0,"61":4,"62":5,"63":5,"64":5,"65":5,"66":5,"67":5,"68":5,"69":5,"70":5,"71":5,"72":5,"73":5,"74":5,"75":5,"76":5,"77":5,"78":5,"79":5,"80":5,"81":5,"82":5,"83":5,"84":0,"85":0,"86":0,"87":5,"88":1,"89":1,"90":1,"91":1,"92":1,"93":1,"94":1,"95":1,"96":0,"97":0,"98":1,"99":1,"100":1,"101":0,"102":0,"103":0,"104":0,"105":1,"106":1,"107":1,"108":1,"109":1,"110":1,"111":1,"112":1,"113":1,"114":0,"115":0,"116":0,"117":1,"118":1,"119":1,"120":1,"121":1,"122":1,"123":1,"124":1},"branchMap":{"0":{"type":"branch","line":10,"loc":{"start":{"line":10,"column":0},"end":{"line":20,"column":1}},"locations":[{"start":{"line":10,"column":0},"end":{"line":20,"column":1}}]},"1":{"type":"branch","line":16,"loc":{"start":{"line":16,"column":4},"end":{"line":19,"column":3}},"locations":[{"start":{"line":16,"column":4},"end":{"line":19,"column":3}}]},"2":{"type":"branch","line":25,"loc":{"start":{"line":25,"column":0},"end":{"line":39,"column":1}},"locations":[{"start":{"line":25,"column":0},"end":{"line":39,"column":1}}]},"3":{"type":"branch","line":25,"loc":{"start":{"line":25,"column":37},"end":{"line":39,"column":1}},"locations":[{"start":{"line":25,"column":37},"end":{"line":39,"column":1}}]},"4":{"type":"branch","line":44,"loc":{"start":{"line":44,"column":0},"end":{"line":88,"column":1}},"locations":[{"start":{"line":44,"column":0},"end":{"line":88,"column":1}}]},"5":{"type":"branch","line":44,"loc":{"start":{"line":44,"column":38},"end":{"line":88,"column":1}},"locations":[{"start":{"line":44,"column":38},"end":{"line":88,"column":1}}]},"6":{"type":"branch","line":49,"loc":{"start":{"line":49,"column":17},"end":{"line":51,"column":5}},"locations":[{"start":{"line":49,"column":17},"end":{"line":51,"column":5}}]},"7":{"type":"branch","line":51,"loc":{"start":{"line":51,"column":5},"end":{"line":62,"column":5}},"locations":[{"start":{"line":51,"column":5},"end":{"line":62,"column":5}}]},"8":{"type":"branch","line":59,"loc":{"start":{"line":59,"column":17},"end":{"line":61,"column":7}},"locations":[{"start":{"line":59,"column":17},"end":{"line":61,"column":7}}]},"9":{"type":"branch","line":84,"loc":{"start":{"line":84,"column":4},"end":{"line":87,"column":3}},"locations":[{"start":{"line":84,"column":4},"end":{"line":87,"column":3}}]},"10":{"type":"branch","line":93,"loc":{"start":{"line":93,"column":0},"end":{"line":118,"column":1}},"locations":[{"start":{"line":93,"column":0},"end":{"line":118,"column":1}}]},"11":{"type":"branch","line":96,"loc":{"start":{"line":96,"column":35},"end":{"line":98,"column":5}},"locations":[{"start":{"line":96,"column":35},"end":{"line":98,"column":5}}]},"12":{"type":"branch","line":101,"loc":{"start":{"line":101,"column":52},"end":{"line":105,"column":5}},"locations":[{"start":{"line":101,"column":52},"end":{"line":105,"column":5}}]},"13":{"type":"branch","line":114,"loc":{"start":{"line":114,"column":4},"end":{"line":117,"column":3}},"locations":[{"start":{"line":114,"column":4},"end":{"line":117,"column":3}}]},"14":{"type":"branch","line":123,"loc":{"start":{"line":123,"column":0},"end":{"line":125,"column":1}},"locations":[{"start":{"line":123,"column":0},"end":{"line":125,"column":1}}]}},"b":{"0":[23],"1":[0],"2":[7],"3":[7],"4":[5],"5":[5],"6":[1],"7":[4],"8":[0],"9":[0],"10":[1],"11":[0],"12":[0],"13":[0],"14":[1]},"fnMap":{"0":{"name":"clearAllTables","decl":{"start":{"line":10,"column":0},"end":{"line":20,"column":1}},"loc":{"start":{"line":10,"column":0},"end":{"line":20,"column":1}},"line":10},"1":{"name":"createTestUser","decl":{"start":{"line":25,"column":0},"end":{"line":39,"column":1}},"loc":{"start":{"line":25,"column":0},"end":{"line":39,"column":1}},"line":25},"2":{"name":"createTestStory","decl":{"start":{"line":44,"column":0},"end":{"line":88,"column":1}},"loc":{"start":{"line":44,"column":0},"end":{"line":88,"column":1}},"line":44},"3":{"name":"initTestDatabase","decl":{"start":{"line":93,"column":0},"end":{"line":118,"column":1}},"loc":{"start":{"line":93,"column":0},"end":{"line":118,"column":1}},"line":93},"4":{"name":"closeTestDatabase","decl":{"start":{"line":123,"column":0},"end":{"line":125,"column":1}},"loc":{"start":{"line":123,"column":0},"end":{"line":125,"column":1}},"line":123}},"f":{"0":23,"1":7,"2":5,"3":1,"4":1}}
,"/Users/vivekchauhan/Downloads/bedtime-story-generator/app/api/stories/route.ts": {"path":"/Users/vivekchauhan/Downloads/bedtime-story-generator/app/api/stories/route.ts","all":false,"statementMap":{"0":{"start":{"line":1,"column":0},"end":{"line":1,"column":49}},"1":{"start":{"line":2,"column":0},"end":{"line":2,"column":42}},"2":{"start":{"line":3,"column":0},"end":{"line":3,"column":44}},"3":{"start":{"line":4,"column":0},"end":{"line":4,"column":57}},"4":{"start":{"line":5,"column":0},"end":{"line":5,"column":39}},"5":{"start":{"line":6,"column":0},"end":{"line":6,"column":0}},"6":{"start":{"line":7,"column":0},"end":{"line":7,"column":28}},"7":{"start":{"line":8,"column":0},"end":{"line":8,"column":25}},"8":{"start":{"line":9,"column":0},"end":{"line":9,"column":60}},"9":{"start":{"line":10,"column":0},"end":{"line":10,"column":22}},"10":{"start":{"line":11,"column":0},"end":{"line":11,"column":19}},"11":{"start":{"line":12,"column":0},"end":{"line":12,"column":17}},"12":{"start":{"line":13,"column":0},"end":{"line":13,"column":18}},"13":{"start":{"line":14,"column":0},"end":{"line":14,"column":15}},"14":{"start":{"line":15,"column":0},"end":{"line":15,"column":16}},"15":{"start":{"line":16,"column":0},"end":{"line":16,"column":1}},"16":{"start":{"line":17,"column":0},"end":{"line":17,"column":0}},"17":{"start":{"line":18,"column":0},"end":{"line":18,"column":21}},"18":{"start":{"line":19,"column":0},"end":{"line":19,"column":16}},"19":{"start":{"line":20,"column":0},"end":{"line":20,"column":18}},"20":{"start":{"line":21,"column":0},"end":{"line":21,"column":27}},"21":{"start":{"line":22,"column":0},"end":{"line":22,"column":20}},"22":{"start":{"line":23,"column":0},"end":{"line":23,"column":1}},"23":{"start":{"line":24,"column":0},"end":{"line":24,"column":0}},"24":{"start":{"line":25,"column":0},"end":{"line":25,"column":23}},"25":{"start":{"line":26,"column":0},"end":{"line":26,"column":84}},"26":{"start":{"line":27,"column":0},"end":{"line":27,"column":54}},"27":{"start":{"line":28,"column":0},"end":{"line":28,"column":79}},"28":{"start":{"line":29,"column":0},"end":{"line":29,"column":3}},"29":{"start":{"line":30,"column":0},"end":{"line":30,"column":0}},"30":{"start":{"line":31,"column":0},"end":{"line":31,"column":58}},"31":{"start":{"line":32,"column":0},"end":{"line":32,"column":81}},"32":{"start":{"line":33,"column":0},"end":{"line":33,"column":3}},"33":{"start":{"line":34,"column":0},"end":{"line":34,"column":0}},"34":{"start":{"line":35,"column":0},"end":{"line":35,"column":51}},"35":{"start":{"line":36,"column":0},"end":{"line":36,"column":75}},"36":{"start":{"line":37,"column":0},"end":{"line":37,"column":3}},"37":{"start":{"line":38,"column":0},"end":{"line":38,"column":0}},"38":{"start":{"line":39,"column":0},"end":{"line":39,"column":59}},"39":{"start":{"line":40,"column":0},"end":{"line":40,"column":67}},"40":{"start":{"line":41,"column":0},"end":{"line":41,"column":3}},"41":{"start":{"line":42,"column":0},"end":{"line":42,"column":0}},"42":{"start":{"line":43,"column":0},"end":{"line":43,"column":27}},"43":{"start":{"line":44,"column":0},"end":{"line":44,"column":1}},"44":{"start":{"line":45,"column":0},"end":{"line":45,"column":0}},"45":{"start":{"line":46,"column":0},"end":{"line":46,"column":42}},"46":{"start":{"line":47,"column":0},"end":{"line":47,"column":7}},"47":{"start":{"line":48,"column":0},"end":{"line":48,"column":55}},"48":{"start":{"line":49,"column":0},"end":{"line":49,"column":36}},"49":{"start":{"line":50,"column":0},"end":{"line":50,"column":0}},"50":{"start":{"line":51,"column":0},"end":{"line":51,"column":36}},"51":{"start":{"line":52,"column":0},"end":{"line":52,"column":51}},"52":{"start":{"line":53,"column":0},"end":{"line":53,"column":31}},"53":{"start":{"line":54,"column":0},"end":{"line":54,"column":40}},"54":{"start":{"line":55,"column":0},"end":{"line":55,"column":23}},"55":{"start":{"line":56,"column":0},"end":{"line":56,"column":7}},"56":{"start":{"line":57,"column":0},"end":{"line":57,"column":5}},"57":{"start":{"line":58,"column":0},"end":{"line":58,"column":0}},"58":{"start":{"line":59,"column":0},"end":{"line":59,"column":33}},"59":{"start":{"line":60,"column":0},"end":{"line":60,"column":39}},"60":{"start":{"line":61,"column":0},"end":{"line":61,"column":0}},"61":{"start":{"line":62,"column":0},"end":{"line":62,"column":24}},"62":{"start":{"line":63,"column":0},"end":{"line":63,"column":46}},"63":{"start":{"line":64,"column":0},"end":{"line":64,"column":30}},"64":{"start":{"line":65,"column":0},"end":{"line":65,"column":31}},"65":{"start":{"line":66,"column":0},"end":{"line":66,"column":36}},"66":{"start":{"line":67,"column":0},"end":{"line":67,"column":23}},"67":{"start":{"line":68,"column":0},"end":{"line":68,"column":7}},"68":{"start":{"line":69,"column":0},"end":{"line":69,"column":5}},"69":{"start":{"line":70,"column":0},"end":{"line":70,"column":0}},"70":{"start":{"line":71,"column":0},"end":{"line":71,"column":35}},"71":{"start":{"line":72,"column":0},"end":{"line":72,"column":34}},"72":{"start":{"line":73,"column":0},"end":{"line":73,"column":31}},"73":{"start":{"line":74,"column":0},"end":{"line":74,"column":35}},"74":{"start":{"line":75,"column":0},"end":{"line":75,"column":109}},"75":{"start":{"line":76,"column":0},"end":{"line":76,"column":35}},"76":{"start":{"line":77,"column":0},"end":{"line":77,"column":5}},"77":{"start":{"line":78,"column":0},"end":{"line":78,"column":0}},"78":{"start":{"line":79,"column":0},"end":{"line":79,"column":45}},"79":{"start":{"line":80,"column":0},"end":{"line":80,"column":13}},"80":{"start":{"line":81,"column":0},"end":{"line":81,"column":31}},"81":{"start":{"line":82,"column":0},"end":{"line":82,"column":35}},"82":{"start":{"line":83,"column":0},"end":{"line":83,"column":33}},"83":{"start":{"line":84,"column":0},"end":{"line":84,"column":37}},"84":{"start":{"line":85,"column":0},"end":{"line":85,"column":31}},"85":{"start":{"line":86,"column":0},"end":{"line":86,"column":7}},"86":{"start":{"line":87,"column":0},"end":{"line":87,"column":6}},"87":{"start":{"line":88,"column":0},"end":{"line":88,"column":0}},"88":{"start":{"line":89,"column":0},"end":{"line":89,"column":54}},"89":{"start":{"line":90,"column":0},"end":{"line":90,"column":0}},"90":{"start":{"line":91,"column":0},"end":{"line":91,"column":35}},"91":{"start":{"line":92,"column":0},"end":{"line":92,"column":19}},"92":{"start":{"line":93,"column":0},"end":{"line":93,"column":45}},"93":{"start":{"line":94,"column":0},"end":{"line":94,"column":29}},"94":{"start":{"line":95,"column":0},"end":{"line":95,"column":107}},"95":{"start":{"line":96,"column":0},"end":{"line":96,"column":21}},"96":{"start":{"line":97,"column":0},"end":{"line":97,"column":5}},"97":{"start":{"line":98,"column":0},"end":{"line":98,"column":3}},"98":{"start":{"line":99,"column":0},"end":{"line":99,"column":1}},"99":{"start":{"line":100,"column":0},"end":{"line":100,"column":0}},"100":{"start":{"line":101,"column":0},"end":{"line":101,"column":41}},"101":{"start":{"line":102,"column":0},"end":{"line":102,"column":7}},"102":{"start":{"line":103,"column":0},"end":{"line":103,"column":56}},"103":{"start":{"line":104,"column":0},"end":{"line":104,"column":54}},"104":{"start":{"line":105,"column":0},"end":{"line":105,"column":0}},"105":{"start":{"line":106,"column":0},"end":{"line":106,"column":36}},"106":{"start":{"line":107,"column":0},"end":{"line":107,"column":31}},"107":{"start":{"line":108,"column":0},"end":{"line":108,"column":39}},"108":{"start":{"line":109,"column":0},"end":{"line":109,"column":23}},"109":{"start":{"line":110,"column":0},"end":{"line":110,"column":8}},"110":{"start":{"line":111,"column":0},"end":{"line":111,"column":5}},"111":{"start":{"line":112,"column":0},"end":{"line":112,"column":0}},"112":{"start":{"line":113,"column":0},"end":{"line":113,"column":49}},"113":{"start":{"line":114,"column":0},"end":{"line":114,"column":14}},"114":{"start":{"line":115,"column":0},"end":{"line":115,"column":31}},"115":{"start":{"line":116,"column":0},"end":{"line":116,"column":8}},"116":{"start":{"line":117,"column":0},"end":{"line":117,"column":15}},"117":{"start":{"line":118,"column":0},"end":{"line":118,"column":17}},"118":{"start":{"line":119,"column":0},"end":{"line":119,"column":20}},"119":{"start":{"line":120,"column":0},"end":{"line":120,"column":22}},"120":{"start":{"line":121,"column":0},"end":{"line":121,"column":21}},"121":{"start":{"line":122,"column":0},"end":{"line":122,"column":23}},"122":{"start":{"line":123,"column":0},"end":{"line":123,"column":24}},"123":{"start":{"line":124,"column":0},"end":{"line":124,"column":23}},"124":{"start":{"line":125,"column":0},"end":{"line":125,"column":8}},"125":{"start":{"line":126,"column":0},"end":{"line":126,"column":16}},"126":{"start":{"line":127,"column":0},"end":{"line":127,"column":25}},"127":{"start":{"line":128,"column":0},"end":{"line":128,"column":7}},"128":{"start":{"line":129,"column":0},"end":{"line":129,"column":7}},"129":{"start":{"line":130,"column":0},"end":{"line":130,"column":0}},"130":{"start":{"line":131,"column":0},"end":{"line":131,"column":38}},"131":{"start":{"line":132,"column":0},"end":{"line":132,"column":0}},"132":{"start":{"line":133,"column":0},"end":{"line":133,"column":19}},"133":{"start":{"line":134,"column":0},"end":{"line":134,"column":55}},"134":{"start":{"line":135,"column":0},"end":{"line":135,"column":31}},"135":{"start":{"line":136,"column":0},"end":{"line":136,"column":37}},"136":{"start":{"line":137,"column":0},"end":{"line":137,"column":71}},"137":{"start":{"line":138,"column":0},"end":{"line":138,"column":8}},"138":{"start":{"line":139,"column":0},"end":{"line":139,"column":17}},"139":{"start":{"line":140,"column":0},"end":{"line":140,"column":7}},"140":{"start":{"line":141,"column":0},"end":{"line":141,"column":3}},"141":{"start":{"line":142,"column":0},"end":{"line":142,"column":1}}},"s":{"0":1,"1":1,"2":1,"3":1,"4":1,"5":1,"6":1,"7":1,"8":1,"9":1,"10":1,"11":1,"12":1,"13":1,"14":1,"15":1,"16":1,"17":1,"18":1,"19":1,"20":1,"21":1,"22":1,"23":1,"24":1,"25":15,"26":15,"27":3,"28":3,"29":12,"30":15,"31":2,"32":2,"33":10,"34":15,"35":1,"36":1,"37":9,"38":15,"39":1,"40":1,"41":8,"42":8,"43":8,"44":1,"45":11,"46":11,"47":11,"48":11,"49":11,"50":11,"51":3,"52":3,"53":3,"54":3,"55":3,"56":3,"57":8,"58":8,"59":8,"60":8,"61":8,"62":8,"63":11,"64":1,"65":1,"66":1,"67":1,"68":1,"69":7,"70":7,"71":7,"72":7,"73":7,"74":11,"75":11,"76":11,"77":11,"78":11,"79":11,"80":11,"81":11,"82":11,"83":11,"84":11,"85":11,"86":11,"87":6,"88":6,"89":6,"90":6,"91":11,"92":1,"93":1,"94":1,"95":1,"96":1,"97":1,"98":11,"99":1,"100":11,"101":11,"102":11,"103":11,"104":11,"105":11,"106":4,"107":4,"108":4,"109":4,"110":4,"111":7,"112":7,"113":7,"114":7,"115":7,"116":7,"117":7,"118":7,"119":7,"120":7,"121":7,"122":7,"123":7,"124":7,"125":7,"126":7,"127":7,"128":7,"129":6,"130":6,"131":6,"132":11,"133":1,"134":1,"135":1,"136":1,"137":1,"138":1,"139":1,"140":1,"141":11},"branchMap":{"0":{"type":"branch","line":26,"loc":{"start":{"line":26,"column":0},"end":{"line":44,"column":1}},"locations":[{"start":{"line":26,"column":0},"end":{"line":44,"column":1}}]},"1":{"type":"branch","line":27,"loc":{"start":{"line":27,"column":17},"end":{"line":27,"column":51}},"locations":[{"start":{"line":27,"column":17},"end":{"line":27,"column":51}}]},"2":{"type":"branch","line":27,"loc":{"start":{"line":27,"column":53},"end":{"line":29,"column":3}},"locations":[{"start":{"line":27,"column":53},"end":{"line":29,"column":3}}]},"3":{"type":"branch","line":30,"loc":{"start":{"line":30,"column":-1},"end":{"line":31,"column":23}},"locations":[{"start":{"line":30,"column":-1},"end":{"line":31,"column":23}}]},"4":{"type":"branch","line":31,"loc":{"start":{"line":31,"column":19},"end":{"line":31,"column":55}},"locations":[{"start":{"line":31,"column":19},"end":{"line":31,"column":55}}]},"5":{"type":"branch","line":31,"loc":{"start":{"line":31,"column":57},"end":{"line":33,"column":3}},"locations":[{"start":{"line":31,"column":57},"end":{"line":33,"column":3}}]},"6":{"type":"branch","line":34,"loc":{"start":{"line":34,"column":-1},"end":{"line":35,"column":21}},"locations":[{"start":{"line":34,"column":-1},"end":{"line":35,"column":21}}]},"7":{"type":"branch","line":35,"loc":{"start":{"line":35,"column":17},"end":{"line":35,"column":48}},"locations":[{"start":{"line":35,"column":17},"end":{"line":35,"column":48}}]},"8":{"type":"branch","line":35,"loc":{"start":{"line":35,"column":50},"end":{"line":37,"column":3}},"locations":[{"start":{"line":35,"column":50},"end":{"line":37,"column":3}}]},"9":{"type":"branch","line":38,"loc":{"start":{"line":38,"column":-1},"end":{"line":39,"column":23}},"locations":[{"start":{"line":38,"column":-1},"end":{"line":39,"column":23}}]},"10":{"type":"branch","line":39,"loc":{"start":{"line":39,"column":19},"end":{"line":39,"column":56}},"locations":[{"start":{"line":39,"column":19},"end":{"line":39,"column":56}}]},"11":{"type":"branch","line":39,"loc":{"start":{"line":39,"column":58},"end":{"line":41,"column":3}},"locations":[{"start":{"line":39,"column":58},"end":{"line":41,"column":3}}]},"12":{"type":"branch","line":42,"loc":{"start":{"line":42,"column":-1},"end":{"line":44,"column":1}},"locations":[{"start":{"line":42,"column":-1},"end":{"line":44,"column":1}}]},"13":{"type":"branch","line":46,"loc":{"start":{"line":46,"column":0},"end":{"line":99,"column":1}},"locations":[{"start":{"line":46,"column":0},"end":{"line":99,"column":1}}]},"14":{"type":"branch","line":51,"loc":{"start":{"line":51,"column":16},"end":{"line":51,"column":33}},"locations":[{"start":{"line":51,"column":16},"end":{"line":51,"column":33}}]},"15":{"type":"branch","line":51,"loc":{"start":{"line":51,"column":35},"end":{"line":57,"column":5}},"locations":[{"start":{"line":51,"column":35},"end":{"line":57,"column":5}}]},"16":{"type":"branch","line":58,"loc":{"start":{"line":58,"column":-1},"end":{"line":64,"column":29}},"locations":[{"start":{"line":58,"column":-1},"end":{"line":64,"column":29}}]},"17":{"type":"branch","line":64,"loc":{"start":{"line":64,"column":29},"end":{"line":69,"column":5}},"locations":[{"start":{"line":64,"column":29},"end":{"line":69,"column":5}}]},"18":{"type":"branch","line":70,"loc":{"start":{"line":70,"column":-1},"end":{"line":75,"column":41}},"locations":[{"start":{"line":70,"column":-1},"end":{"line":75,"column":41}}]},"19":{"type":"branch","line":75,"loc":{"start":{"line":75,"column":41},"end":{"line":75,"column":103}},"locations":[{"start":{"line":75,"column":41},"end":{"line":75,"column":103}}]},"20":{"type":"branch","line":75,"loc":{"start":{"line":75,"column":104},"end":{"line":75,"column":108}},"locations":[{"start":{"line":75,"column":104},"end":{"line":75,"column":108}}]},"21":{"type":"branch","line":76,"loc":{"start":{"line":76,"column":29},"end":{"line":76,"column":35}},"locations":[{"start":{"line":76,"column":29},"end":{"line":76,"column":35}}]},"22":{"type":"branch","line":88,"loc":{"start":{"line":88,"column":-1},"end":{"line":92,"column":11}},"locations":[{"start":{"line":88,"column":-1},"end":{"line":92,"column":11}}]},"23":{"type":"branch","line":92,"loc":{"start":{"line":92,"column":4},"end":{"line":98,"column":3}},"locations":[{"start":{"line":92,"column":4},"end":{"line":98,"column":3}}]},"24":{"type":"branch","line":95,"loc":{"start":{"line":95,"column":87},"end":{"line":95,"column":104}},"locations":[{"start":{"line":95,"column":87},"end":{"line":95,"column":104}}]},"25":{"type":"branch","line":75,"loc":{"start":{"line":75,"column":62},"end":{"line":75,"column":102}},"locations":[{"start":{"line":75,"column":62},"end":{"line":75,"column":102}}]},"26":{"type":"branch","line":101,"loc":{"start":{"line":101,"column":0},"end":{"line":142,"column":1}},"locations":[{"start":{"line":101,"column":0},"end":{"line":142,"column":1}}]},"27":{"type":"branch","line":106,"loc":{"start":{"line":106,"column":16},"end":{"line":106,"column":33}},"locations":[{"start":{"line":106,"column":16},"end":{"line":106,"column":33}}]},"28":{"type":"branch","line":106,"loc":{"start":{"line":106,"column":35},"end":{"line":111,"column":5}},"locations":[{"start":{"line":106,"column":35},"end":{"line":111,"column":5}}]},"29":{"type":"branch","line":112,"loc":{"start":{"line":112,"column":-1},"end":{"line":129,"column":7}},"locations":[{"start":{"line":112,"column":-1},"end":{"line":129,"column":7}}]},"30":{"type":"branch","line":130,"loc":{"start":{"line":130,"column":-1},"end":{"line":133,"column":11}},"locations":[{"start":{"line":130,"column":-1},"end":{"line":133,"column":11}}]},"31":{"type":"branch","line":133,"loc":{"start":{"line":133,"column":4},"end":{"line":141,"column":3}},"locations":[{"start":{"line":133,"column":4},"end":{"line":141,"column":3}}]},"32":{"type":"branch","line":137,"loc":{"start":{"line":137,"column":54},"end":{"line":137,"column":71}},"locations":[{"start":{"line":137,"column":54},"end":{"line":137,"column":71}}]}},"b":{"0":[15],"1":[13],"2":[3],"3":[12],"4":[11],"5":[2],"6":[10],"7":[5],"8":[1],"9":[9],"10":[6],"11":[1],"12":[8],"13":[11],"14":[9],"15":[3],"16":[8],"17":[1],"18":[7],"19":[3],"20":[4],"21":[3],"22":[6],"23":[1],"24":[0],"25":[2],"26":[11],"27":[9],"28":[4],"29":[7],"30":[6],"31":[1],"32":[0]},"fnMap":{"0":{"name":"validateStoryData","decl":{"start":{"line":26,"column":0},"end":{"line":44,"column":1}},"loc":{"start":{"line":26,"column":0},"end":{"line":44,"column":1}},"line":26},"1":{"name":"POST","decl":{"start":{"line":46,"column":0},"end":{"line":99,"column":1}},"loc":{"start":{"line":46,"column":0},"end":{"line":99,"column":1}},"line":46},"2":{"name":"GET","decl":{"start":{"line":101,"column":0},"end":{"line":142,"column":1}},"loc":{"start":{"line":101,"column":0},"end":{"line":142,"column":1}},"line":101}},"f":{"0":15,"1":11,"2":11}}
,"/Users/vivekchauhan/Downloads/bedtime-story-generator/lib/prisma.ts": {"path":"/Users/vivekchauhan/Downloads/bedtime-story-generator/lib/prisma.ts","all":false,"statementMap":{"0":{"start":{"line":1,"column":0},"end":{"line":1,"column":45}},"1":{"start":{"line":2,"column":0},"end":{"line":2,"column":0}},"2":{"start":{"line":3,"column":0},"end":{"line":3,"column":78}},"3":{"start":{"line":4,"column":0},"end":{"line":4,"column":36}},"4":{"start":{"line":5,"column":0},"end":{"line":5,"column":81}},"5":{"start":{"line":6,"column":0},"end":{"line":6,"column":1}},"6":{"start":{"line":7,"column":0},"end":{"line":7,"column":0}},"7":{"start":{"line":8,"column":0},"end":{"line":8,"column":40}},"8":{"start":{"line":9,"column":0},"end":{"line":9,"column":16}},"9":{"start":{"line":10,"column":0},"end":{"line":10,"column":38}},"10":{"start":{"line":11,"column":0},"end":{"line":11,"column":1}},"11":{"start":{"line":12,"column":0},"end":{"line":12,"column":0}},"12":{"start":{"line":13,"column":0},"end":{"line":13,"column":70}},"13":{"start":{"line":14,"column":0},"end":{"line":14,"column":42}},"14":{"start":{"line":15,"column":0},"end":{"line":15,"column":53}},"15":{"start":{"line":16,"column":0},"end":{"line":16,"column":40}},"16":{"start":{"line":17,"column":0},"end":{"line":17,"column":29}},"17":{"start":{"line":18,"column":0},"end":{"line":18,"column":21}},"18":{"start":{"line":19,"column":0},"end":{"line":19,"column":6}},"19":{"start":{"line":20,"column":0},"end":{"line":20,"column":3}},"20":{"start":{"line":21,"column":0},"end":{"line":21,"column":2}},"21":{"start":{"line":22,"column":0},"end":{"line":22,"column":51}},"22":{"start":{"line":23,"column":0},"end":{"line":23,"column":47}},"23":{"start":{"line":24,"column":0},"end":{"line":24,"column":29}},"24":{"start":{"line":25,"column":0},"end":{"line":25,"column":38}},"25":{"start":{"line":26,"column":0},"end":{"line":26,"column":6}},"26":{"start":{"line":27,"column":0},"end":{"line":27,"column":3}},"27":{"start":{"line":28,"column":0},"end":{"line":28,"column":2}},"28":{"start":{"line":29,"column":0},"end":{"line":29,"column":36}},"29":{"start":{"line":30,"column":0},"end":{"line":30,"column":27}},"30":{"start":{"line":31,"column":0},"end":{"line":31,"column":19}},"31":{"start":{"line":32,"column":0},"end":{"line":32,"column":4}},"32":{"start":{"line":33,"column":0},"end":{"line":33,"column":1}},"33":{"start":{"line":34,"column":0},"end":{"line":34,"column":0}},"34":{"start":{"line":35,"column":0},"end":{"line":35,"column":49}},"35":{"start":{"line":36,"column":0},"end":{"line":36,"column":49}},"36":{"start":{"line":37,"column":0},"end":{"line":37,"column":0}},"37":{"start":{"line":38,"column":0},"end":{"line":38,"column":73}},"38":{"start":{"line":39,"column":0},"end":{"line":39,"column":62}},"39":{"start":{"line":40,"column":0},"end":{"line":40,"column":44}},"40":{"start":{"line":41,"column":0},"end":{"line":41,"column":24}},"41":{"start":{"line":42,"column":0},"end":{"line":42,"column":1}},"42":{"start":{"line":43,"column":0},"end":{"line":43,"column":0}},"43":{"start":{"line":44,"column":0},"end":{"line":44,"column":17}}},"s":{"0":1,"1":1,"2":1,"3":1,"4":1,"5":1,"6":1,"7":1,"8":1,"9":1,"10":1,"11":1,"12":1,"13":1,"14":1,"15":1,"16":1,"17":1,"18":1,"19":1,"20":0,"21":0,"22":0,"23":0,"24":0,"25":0,"26":0,"27":0,"28":0,"29":0,"30":0,"31":0,"32":0,"33":1,"34":1,"35":1,"36":1,"37":1,"38":1,"39":1,"40":1,"41":1,"42":1,"43":1},"branchMap":{"0":{"type":"branch","line":4,"loc":{"start":{"line":4,"column":35},"end":{"line":36,"column":49}},"locations":[{"start":{"line":4,"column":35},"end":{"line":36,"column":49}}]},"1":{"type":"branch","line":40,"loc":{"start":{"line":40,"column":43},"end":{"line":42,"column":1}},"locations":[{"start":{"line":40,"column":43},"end":{"line":42,"column":1}}]},"2":{"type":"branch","line":14,"loc":{"start":{"line":14,"column":0},"end":{"line":33,"column":1}},"locations":[{"start":{"line":14,"column":0},"end":{"line":33,"column":1}}]},"3":{"type":"branch","line":21,"loc":{"start":{"line":21,"column":-1},"end":{"line":33,"column":1}},"locations":[{"start":{"line":21,"column":-1},"end":{"line":33,"column":1}}]}},"b":{"0":[1],"1":[1],"2":[1],"3":[0]},"fnMap":{"0":{"name":"getPrismaClient","decl":{"start":{"line":14,"column":0},"end":{"line":33,"column":1}},"loc":{"start":{"line":14,"column":0},"end":{"line":33,"column":1}},"line":14}},"f":{"0":1}}
}
