TN:
SF:__tests__/utils/testUtils.ts
FN:10,clearAllTables
FN:25,createTestUser
FN:44,createTestStory
FN:93,initTestDatabase
FN:123,closeTestDatabase
FNF:5
FNH:5
FNDA:24,clearAllTables
FNDA:7,createTestUser
FNDA:5,createTestStory
FNDA:1,initTestDatabase
FNDA:1,closeTestDatabase
DA:1,1
DA:2,1
DA:3,1
DA:4,1
DA:5,1
DA:6,1
DA:7,1
DA:8,1
DA:9,1
DA:10,1
DA:11,24
DA:12,24
DA:13,24
DA:14,24
DA:15,24
DA:16,24
DA:17,0
DA:18,0
DA:19,0
DA:20,24
DA:21,1
DA:22,1
DA:23,1
DA:24,1
DA:25,1
DA:26,7
DA:27,7
DA:28,7
DA:29,7
DA:30,7
DA:31,7
DA:32,7
DA:33,7
DA:34,7
DA:35,7
DA:36,7
DA:37,7
DA:38,7
DA:39,7
DA:40,1
DA:41,1
DA:42,1
DA:43,1
DA:44,1
DA:45,5
DA:46,5
DA:47,5
DA:48,5
DA:49,5
DA:50,1
DA:51,5
DA:52,4
DA:53,4
DA:54,4
DA:55,4
DA:56,4
DA:57,4
DA:58,4
DA:59,4
DA:60,0
DA:61,0
DA:62,4
DA:63,5
DA:64,5
DA:65,5
DA:66,5
DA:67,5
DA:68,5
DA:69,5
DA:70,5
DA:71,5
DA:72,5
DA:73,5
DA:74,5
DA:75,5
DA:76,5
DA:77,5
DA:78,5
DA:79,5
DA:80,5
DA:81,5
DA:82,5
DA:83,5
DA:84,5
DA:85,0
DA:86,0
DA:87,0
DA:88,5
DA:89,1
DA:90,1
DA:91,1
DA:92,1
DA:93,1
DA:94,1
DA:95,1
DA:96,1
DA:97,0
DA:98,0
DA:99,1
DA:100,1
DA:101,1
DA:102,0
DA:103,0
DA:104,0
DA:105,0
DA:106,1
DA:107,1
DA:108,1
DA:109,1
DA:110,1
DA:111,1
DA:112,1
DA:113,1
DA:114,1
DA:115,0
DA:116,0
DA:117,0
DA:118,1
DA:119,1
DA:120,1
DA:121,1
DA:122,1
DA:123,1
DA:124,1
DA:125,1
LF:125
LH:108
BRDA:10,0,0,24
BRDA:16,1,0,0
BRDA:25,2,0,7
BRDA:44,3,0,5
BRDA:49,4,0,1
BRDA:51,5,0,4
BRDA:59,6,0,0
BRDA:84,7,0,0
BRDA:93,8,0,1
BRDA:96,9,0,0
BRDA:101,10,0,0
BRDA:114,11,0,0
BRDA:123,12,0,1
BRF:13
BRH:7
end_of_record
TN:
SF:lib/prisma.ts
FN:14,getPrismaClient
FNF:1
FNH:1
FNDA:1,getPrismaClient
DA:1,1
DA:2,1
DA:3,1
DA:4,1
DA:5,1
DA:6,1
DA:7,1
DA:8,1
DA:9,1
DA:10,1
DA:11,1
DA:12,1
DA:13,1
DA:14,1
DA:15,1
DA:16,1
DA:17,1
DA:18,1
DA:19,1
DA:20,1
DA:21,0
DA:22,0
DA:23,0
DA:24,0
DA:25,0
DA:26,0
DA:27,0
DA:28,0
DA:29,0
DA:30,0
DA:31,0
DA:32,0
DA:33,0
DA:34,1
DA:35,1
DA:36,1
DA:37,1
DA:38,1
DA:39,1
DA:40,1
DA:41,1
DA:42,1
DA:43,1
DA:44,1
LF:44
LH:31
BRDA:4,0,0,1
BRDA:40,1,0,1
BRDA:14,2,0,1
BRDA:20,3,0,0
BRF:4
BRH:3
end_of_record
