TN:
SF:__tests__/utils/authTestUtils.ts
FN:9,MockResponse
FN:15,json
FN:19,text
FN:25,createMockUser
FN:34,createMockSession
FN:41,createExpiredSession
FN:52,ApiRequestHandler
FN:57,setDatabaseError
FN:61,resetRequestCount
FN:65,mockResponse
FN:70,mockFetch
FN:138,createPrismaMocks
FN:179,profile
FNF:13
FNH:10
FNDA:35,MockResponse
FNDA:17,json
FNDA:0,text
FNDA:3,createMockUser
FNDA:3,createMockSession
FNDA:2,createExpiredSession
FNDA:1,ApiRequestHandler
FNDA:3,setDatabaseError
FNDA:1,resetRequestCount
FNDA:0,mockResponse
FNDA:35,mockFetch
FNDA:1,createPrismaMocks
FNDA:0,profile
DA:1,1
DA:2,1
DA:3,1
DA:4,1
DA:5,1
DA:6,1
DA:7,1
DA:8,1
DA:9,1
DA:10,35
DA:11,35
DA:12,35
DA:13,35
DA:14,1
DA:15,1
DA:16,17
DA:17,17
DA:18,1
DA:19,1
DA:20,0
DA:21,0
DA:22,1
DA:23,1
DA:24,1
DA:25,1
DA:26,3
DA:27,3
DA:28,3
DA:29,3
DA:30,3
DA:31,1
DA:32,1
DA:33,1
DA:34,1
DA:35,3
DA:36,3
DA:37,3
DA:38,1
DA:39,1
DA:40,1
DA:41,1
DA:42,2
DA:43,2
DA:44,2
DA:45,1
DA:46,1
DA:47,1
DA:48,1
DA:49,1
DA:50,1
DA:51,1
DA:52,1
DA:53,1
DA:54,1
DA:55,1
DA:56,1
DA:57,1
DA:58,3
DA:59,3
DA:60,1
DA:61,1
DA:62,1
DA:63,1
DA:64,1
DA:65,1
DA:66,0
DA:67,0
DA:68,0
DA:69,1
DA:70,1
DA:71,35
DA:72,35
DA:73,35
DA:74,35
DA:75,35
DA:76,35
DA:77,35
DA:78,35
DA:79,35
DA:80,0
DA:81,0
DA:82,35
DA:83,35
DA:84,35
DA:85,16
DA:86,16
DA:87,19
DA:88,19
DA:89,19
DA:90,19
DA:91,19
DA:92,35
DA:93,1
DA:94,1
DA:95,18
DA:96,35
DA:97,5
DA:98,2
DA:99,2
DA:100,5
DA:101,2
DA:102,2
DA:103,1
DA:104,1
DA:105,13
DA:106,35
DA:107,6
DA:108,6
DA:109,7
DA:110,7
DA:111,35
DA:112,35
DA:113,3
DA:114,3
DA:115,3
DA:116,0
DA:117,0
DA:118,4
DA:119,35
DA:120,1
DA:121,0
DA:122,0
DA:123,1
DA:124,1
DA:125,3
DA:126,3
DA:127,35
DA:128,1
DA:129,1
DA:130,1
DA:131,1
DA:132,1
DA:133,1
DA:134,35
DA:135,1
DA:136,1
DA:137,1
DA:138,1
DA:139,1
DA:140,1
DA:141,1
DA:142,1
DA:143,1
DA:144,1
DA:145,1
DA:146,1
DA:147,1
DA:148,1
DA:149,1
DA:150,1
DA:151,1
DA:152,1
DA:153,1
DA:154,1
DA:155,1
DA:156,1
DA:157,1
DA:158,1
DA:159,1
DA:160,1
DA:161,1
DA:162,1
DA:163,1
DA:164,1
DA:165,1
DA:166,1
DA:167,1
DA:168,1
DA:169,1
DA:170,1
DA:171,1
DA:172,1
DA:173,1
DA:174,1
DA:175,1
DA:176,1
DA:177,1
DA:178,1
DA:179,1
DA:180,0
DA:181,0
DA:182,0
DA:183,0
DA:184,0
DA:185,1
DA:186,1
DA:187,1
DA:188,1
DA:189,1
LF:189
LH:173
BRDA:9,0,0,35
BRDA:15,1,0,17
BRDA:25,2,0,3
BRDA:34,3,0,3
BRDA:41,4,0,2
BRDA:52,5,0,1
BRDA:57,6,0,3
BRDA:61,7,0,1
BRDA:70,8,0,35
BRDA:74,9,0,10
BRDA:79,10,0,0
BRDA:84,11,0,22
BRDA:84,12,0,16
BRDA:87,13,0,19
BRDA:92,14,0,1
BRDA:95,15,0,18
BRDA:96,16,0,5
BRDA:97,17,0,2
BRDA:100,18,0,3
BRDA:100,19,0,2
BRDA:103,20,0,1
BRDA:105,21,0,13
BRDA:106,22,0,6
BRDA:109,23,0,7
BRDA:110,24,0,5
BRDA:111,25,0,5
BRDA:112,26,0,3
BRDA:116,27,0,0
BRDA:118,28,0,4
BRDA:119,29,0,1
BRDA:120,30,0,0
BRDA:125,31,0,3
BRDA:127,32,0,1
BRDA:130,33,0,0
BRDA:138,34,0,1
BRF:35
BRH:31
end_of_record
TN:
SF:__tests__/utils/testUtils.ts
FN:10,clearAllTables
FN:25,createTestUser
FN:44,createTestStory
FN:93,initTestDatabase
FN:123,closeTestDatabase
FNF:5
FNH:5
FNDA:23,clearAllTables
FNDA:7,createTestUser
FNDA:5,createTestStory
FNDA:1,initTestDatabase
FNDA:1,closeTestDatabase
DA:1,1
DA:2,1
DA:3,1
DA:4,1
DA:5,1
DA:6,1
DA:7,1
DA:8,1
DA:9,1
DA:10,23
DA:11,23
DA:12,23
DA:13,23
DA:14,23
DA:15,23
DA:16,23
DA:17,0
DA:18,0
DA:19,0
DA:20,23
DA:21,1
DA:22,1
DA:23,1
DA:24,1
DA:25,7
DA:26,7
DA:27,7
DA:28,7
DA:29,7
DA:30,7
DA:31,7
DA:32,7
DA:33,7
DA:34,7
DA:35,7
DA:36,7
DA:37,7
DA:38,7
DA:39,7
DA:40,1
DA:41,1
DA:42,1
DA:43,1
DA:44,5
DA:45,5
DA:46,5
DA:47,5
DA:48,5
DA:49,5
DA:50,1
DA:51,5
DA:52,4
DA:53,4
DA:54,4
DA:55,4
DA:56,4
DA:57,4
DA:58,4
DA:59,4
DA:60,0
DA:61,0
DA:62,4
DA:63,5
DA:64,5
DA:65,5
DA:66,5
DA:67,5
DA:68,5
DA:69,5
DA:70,5
DA:71,5
DA:72,5
DA:73,5
DA:74,5
DA:75,5
DA:76,5
DA:77,5
DA:78,5
DA:79,5
DA:80,5
DA:81,5
DA:82,5
DA:83,5
DA:84,5
DA:85,0
DA:86,0
DA:87,0
DA:88,5
DA:89,1
DA:90,1
DA:91,1
DA:92,1
DA:93,1
DA:94,1
DA:95,1
DA:96,1
DA:97,0
DA:98,0
DA:99,1
DA:100,1
DA:101,1
DA:102,0
DA:103,0
DA:104,0
DA:105,0
DA:106,1
DA:107,1
DA:108,1
DA:109,1
DA:110,1
DA:111,1
DA:112,1
DA:113,1
DA:114,1
DA:115,0
DA:116,0
DA:117,0
DA:118,1
DA:119,1
DA:120,1
DA:121,1
DA:122,1
DA:123,1
DA:124,1
DA:125,1
LF:125
LH:108
BRDA:10,0,0,23
BRDA:16,1,0,0
BRDA:25,2,0,7
BRDA:25,3,0,7
BRDA:44,4,0,5
BRDA:44,5,0,5
BRDA:49,6,0,1
BRDA:51,7,0,4
BRDA:59,8,0,0
BRDA:84,9,0,0
BRDA:93,10,0,1
BRDA:96,11,0,0
BRDA:101,12,0,0
BRDA:114,13,0,0
BRDA:123,14,0,1
BRF:15
BRH:9
end_of_record
TN:
SF:app/api/stories/route.ts
FN:26,validateStoryData
FN:46,POST
FN:101,GET
FNF:3
FNH:3
FNDA:15,validateStoryData
FNDA:11,POST
FNDA:11,GET
DA:1,1
DA:2,1
DA:3,1
DA:4,1
DA:5,1
DA:6,1
DA:7,1
DA:8,1
DA:9,1
DA:10,1
DA:11,1
DA:12,1
DA:13,1
DA:14,1
DA:15,1
DA:16,1
DA:17,1
DA:18,1
DA:19,1
DA:20,1
DA:21,1
DA:22,1
DA:23,1
DA:24,1
DA:25,1
DA:26,15
DA:27,15
DA:28,3
DA:29,3
DA:30,12
DA:31,15
DA:32,2
DA:33,2
DA:34,10
DA:35,15
DA:36,1
DA:37,1
DA:38,9
DA:39,15
DA:40,1
DA:41,1
DA:42,8
DA:43,8
DA:44,8
DA:45,1
DA:46,11
DA:47,11
DA:48,11
DA:49,11
DA:50,11
DA:51,11
DA:52,3
DA:53,3
DA:54,3
DA:55,3
DA:56,3
DA:57,3
DA:58,8
DA:59,8
DA:60,8
DA:61,8
DA:62,8
DA:63,8
DA:64,11
DA:65,1
DA:66,1
DA:67,1
DA:68,1
DA:69,1
DA:70,7
DA:71,7
DA:72,7
DA:73,7
DA:74,7
DA:75,11
DA:76,11
DA:77,11
DA:78,11
DA:79,11
DA:80,11
DA:81,11
DA:82,11
DA:83,11
DA:84,11
DA:85,11
DA:86,11
DA:87,11
DA:88,6
DA:89,6
DA:90,6
DA:91,6
DA:92,11
DA:93,1
DA:94,1
DA:95,1
DA:96,1
DA:97,1
DA:98,1
DA:99,11
DA:100,1
DA:101,11
DA:102,11
DA:103,11
DA:104,11
DA:105,11
DA:106,11
DA:107,4
DA:108,4
DA:109,4
DA:110,4
DA:111,4
DA:112,7
DA:113,7
DA:114,7
DA:115,7
DA:116,7
DA:117,7
DA:118,7
DA:119,7
DA:120,7
DA:121,7
DA:122,7
DA:123,7
DA:124,7
DA:125,7
DA:126,7
DA:127,7
DA:128,7
DA:129,7
DA:130,6
DA:131,6
DA:132,6
DA:133,11
DA:134,1
DA:135,1
DA:136,1
DA:137,1
DA:138,1
DA:139,1
DA:140,1
DA:141,1
DA:142,11
LF:142
LH:142
BRDA:26,0,0,15
BRDA:27,1,0,13
BRDA:27,2,0,3
BRDA:30,3,0,12
BRDA:31,4,0,11
BRDA:31,5,0,2
BRDA:34,6,0,10
BRDA:35,7,0,5
BRDA:35,8,0,1
BRDA:38,9,0,9
BRDA:39,10,0,6
BRDA:39,11,0,1
BRDA:42,12,0,8
BRDA:46,13,0,11
BRDA:51,14,0,9
BRDA:51,15,0,3
BRDA:58,16,0,8
BRDA:64,17,0,1
BRDA:70,18,0,7
BRDA:75,19,0,3
BRDA:75,20,0,4
BRDA:76,21,0,3
BRDA:88,22,0,6
BRDA:92,23,0,1
BRDA:95,24,0,0
BRDA:75,25,0,2
BRDA:101,26,0,11
BRDA:106,27,0,9
BRDA:106,28,0,4
BRDA:112,29,0,7
BRDA:130,30,0,6
BRDA:133,31,0,1
BRDA:137,32,0,0
BRF:33
BRH:31
end_of_record
TN:
SF:lib/prisma.ts
FN:14,getPrismaClient
FNF:1
FNH:1
FNDA:1,getPrismaClient
DA:1,1
DA:2,1
DA:3,1
DA:4,1
DA:5,1
DA:6,1
DA:7,1
DA:8,1
DA:9,1
DA:10,1
DA:11,1
DA:12,1
DA:13,1
DA:14,1
DA:15,1
DA:16,1
DA:17,1
DA:18,1
DA:19,1
DA:20,1
DA:21,0
DA:22,0
DA:23,0
DA:24,0
DA:25,0
DA:26,0
DA:27,0
DA:28,0
DA:29,0
DA:30,0
DA:31,0
DA:32,0
DA:33,0
DA:34,1
DA:35,1
DA:36,1
DA:37,1
DA:38,1
DA:39,1
DA:40,1
DA:41,1
DA:42,1
DA:43,1
DA:44,1
LF:44
LH:31
BRDA:4,0,0,1
BRDA:40,1,0,1
BRDA:14,2,0,1
BRDA:21,3,0,0
BRF:4
BRH:3
end_of_record
